<?xml version="1.0" encoding="UTF-8"?>
<testsuite xmlns:xsi="http://www.w3.org/2001/XMLSchema-instance" xsi:noNamespaceSchemaLocation="https://maven.apache.org/surefire/maven-surefire-plugin/xsd/surefire-test-report.xsd" name="CalculatorTest" time="0.167" tests="20" errors="0" skipped="9" failures="1">
  <properties>
[...]
</properties>
  <testcase name="addTest[1]" classname="CalculatorTest" time="0.039"/>
  <testcase name="addTest[2]" classname="CalculatorTest" time="0.002"/>
  <testcase name="addTest[3]" classname="CalculatorTest" time="0.001"/>
  <testcase name="addTest[4]" classname="CalculatorTest" time="0.001"/>
  <testcase name="addTest[5]" classname="CalculatorTest" time="0"/>
  <testcase name="addTest[6]" classname="CalculatorTest" time="0.001"/>
  <testcase name="addTest[7]" classname="CalculatorTest" time="0"/>
  <testcase name="addTest[8]" classname="CalculatorTest" time="0.001"/>
  <testcase name="addTest[9]" classname="CalculatorTest" time="0.001"/>
  <testcase name="addTest[10]" classname="CalculatorTest" time="0.001"/>
  <testcase name="getDivExcTest[1]" classname="CalculatorTest" time="0">
    <skipped message="Assumption failed: assumption is not true" type="org.opentest4j.TestAbortedException">org.opentest4j.TestAbortedException: Assumption failed: assumption is not true
	at CalculatorTest.getDivExcTest(CalculatorTest.java:34)
</skipped>
  </testcase>
  <testcase name="getDivExcTest[2]" classname="CalculatorTest" time="0">
    <skipped message="Assumption failed: assumption is not true" type="org.opentest4j.TestAbortedException">org.opentest4j.TestAbortedException: Assumption failed: assumption is not true
	at CalculatorTest.getDivExcTest(CalculatorTest.java:34)
</skipped>
  </testcase>
  <testcase name="getDivExcTest[3]" classname="CalculatorTest" time="0">
    <skipped message="Assumption failed: assumption is not true" type="org.opentest4j.TestAbortedException">org.opentest4j.TestAbortedException: Assumption failed: assumption is not true
	at CalculatorTest.getDivExcTest(CalculatorTest.java:34)
</skipped>
  </testcase>
  <testcase name="getDivExcTest[4]" classname="CalculatorTest" time="0">
    <skipped message="Assumption failed: assumption is not true" type="org.opentest4j.TestAbortedException">org.opentest4j.TestAbortedException: Assumption failed: assumption is not true
	at CalculatorTest.getDivExcTest(CalculatorTest.java:34)
</skipped>
  </testcase>
  <testcase name="getDivExcTest[5]" classname="CalculatorTest" time="0">
    <skipped message="Assumption failed: assumption is not true" type="org.opentest4j.TestAbortedException">org.opentest4j.TestAbortedException: Assumption failed: assumption is not true
	at CalculatorTest.getDivExcTest(CalculatorTest.java:34)
</skipped>
  </testcase>
  <testcase name="getDivExcTest[6]" classname="CalculatorTest" time="0">
    <skipped message="Assumption failed: assumption is not true" type="org.opentest4j.TestAbortedException">org.opentest4j.TestAbortedException: Assumption failed: assumption is not true
	at CalculatorTest.getDivExcTest(CalculatorTest.java:34)
</skipped>
  </testcase>
  <testcase name="getDivExcTest[7]" classname="CalculatorTest" time="0">
    <skipped message="Assumption failed: assumption is not true" type="org.opentest4j.TestAbortedException">org.opentest4j.TestAbortedException: Assumption failed: assumption is not true
	at CalculatorTest.getDivExcTest(CalculatorTest.java:34)
</skipped>
  </testcase>
  <testcase name="getDivExcTest[8]" classname="CalculatorTest" time="0">
    <skipped message="Assumption failed: assumption is not true" type="org.opentest4j.TestAbortedException">org.opentest4j.TestAbortedException: Assumption failed: assumption is not true
	at CalculatorTest.getDivExcTest(CalculatorTest.java:34)
</skipped>
  </testcase>
  <testcase name="getDivExcTest[9]" classname="CalculatorTest" time="0">
    <skipped message="Assumption failed: assumption is not true" type="org.opentest4j.TestAbortedException">org.opentest4j.TestAbortedException: Assumption failed: assumption is not true
	at CalculatorTest.getDivExcTest(CalculatorTest.java:34)
</skipped>
  </testcase>
  <testcase name="getDivExcTest[10]" classname="CalculatorTest" time="0.006">
    <failure message="Deve sollevare eccezione ==&gt; Expected java.lang.Exception to be thrown, but nothing was thrown." type="org.opentest4j.AssertionFailedError">org.opentest4j.AssertionFailedError: Deve sollevare eccezione ==> Expected java.lang.Exception to be thrown, but nothing was thrown.
	at CalculatorTest.getDivExcTest(CalculatorTest.java:36)
</failure>
  </testcase>
</testsuite>